-- Found ament_cmake: 1.3.12 (/opt/ros/humble/share/ament_cmake/cmake)
-- Override CMake install command with custom implementation using symlinks instead of copying resources
-- Found rclcpp: 16.0.14 (/opt/ros/humble/share/rclcpp/cmake)
-- Found rosidl_generator_c: 3.1.7 (/opt/ros/humble/share/rosidl_generator_c/cmake)
-- Found rosidl_adapter: 3.1.7 (/opt/ros/humble/share/rosidl_adapter/cmake)
-- Found rosidl_generator_cpp: 3.1.7 (/opt/ros/humble/share/rosidl_generator_cpp/cmake)
-- Using all available rosidl_typesupport_c: rosidl_typesupport_fastrtps_c;rosidl_typesupport_introspection_c
-- Using all available rosidl_typesupport_cpp: rosidl_typesupport_fastrtps_cpp;rosidl_typesupport_introspection_cpp
-- Found rmw_implementation_cmake: 6.1.2 (/opt/ros/humble/share/rmw_implementation_cmake/cmake)
-- Found rmw_fastrtps_cpp: 6.2.8 (/opt/ros/humble/share/rmw_fastrtps_cpp/cmake)
-- Using RMW implementation 'rmw_fastrtps_cpp' as default
-- Found sensor_msgs: 4.9.0 (/opt/ros/humble/share/sensor_msgs/cmake)
-- Found nav_msgs: 4.9.0 (/opt/ros/humble/share/nav_msgs/cmake)
-- Found pcl_conversions: 2.4.5 (/opt/ros/humble/share/pcl_conversions/cmake)
-- Eigen found (include: /usr/include/eigen3, version: 3.4.0)
-- FLANN found (include: /usr/include, lib: /usr/lib/x86_64-linux-gnu/libflann_cpp.so)
-- OpenNI found (version: 1.5.4.0, include: /usr/include/ni, lib: /usr/lib/libOpenNI.so;libusb::libusb)
-- OpenNI2 found (version: 2.2.0.33, include: /usr/include/openni2, lib: /usr/lib/x86_64-linux-gnu/libOpenNI2.so;libusb::libusb)
-- Eigen found (include: /usr/include/eigen3, version: 3.4.0)
-- OpenNI found (version: 1.5.4.0, include: /usr/include/ni, lib: /usr/lib/libOpenNI.so;libusb::libusb)
-- OpenNI2 found (version: 2.2.0.33, include: /usr/include/openni2, lib: /usr/lib/x86_64-linux-gnu/libOpenNI2.so;libusb::libusb)
-- Found Qhull version 8.0.2
-- OpenNI found (version: 1.5.4.0, include: /usr/include/ni, lib: /usr/lib/libOpenNI.so;libusb::libusb)
-- Found pcl_ros: 2.4.5 (/opt/ros/humble/share/pcl_ros/cmake)
-- Found eigen3_cmake_module: 0.1.1 (/opt/ros/humble/share/eigen3_cmake_module/cmake)
-- Ensuring Eigen3 include directory is part of orocos-kdl CMake target
-- Configuring done
-- Generating done
-- Build files have been written to: /home/ubuntu/LRS-FEI/build/prehladavaci_algoritmus
[35m[1mConsolidate compiler generated dependencies of target drone_controller[0m
[35m[1mConsolidate compiler generated dependencies of target planner_node[0m
[ 16%] [32mBuilding CXX object CMakeFiles/drone_controller.dir/src/drone_controller.cpp.o[0m
[ 83%] Built target planner_node
[100%] [32m[1mLinking CXX executable drone_controller[0m
[100%] Built target drone_controller
-- Install configuration: ""
-- Execute custom install script
-- Up-to-date symlink: /home/ubuntu/LRS-FEI/install/prehladavaci_algoritmus/lib/prehladavaci_algoritmus/planner_node
-- Up-to-date symlink: /home/ubuntu/LRS-FEI/install/prehladavaci_algoritmus/lib/prehladavaci_algoritmus/drone_controller
-- Up-to-date symlink: /home/ubuntu/LRS-FEI/install/prehladavaci_algoritmus/share/prehladavaci_algoritmus/maps/map.pcd
-- Up-to-date symlink: /home/ubuntu/LRS-FEI/install/prehladavaci_algoritmus/share/ament_index/resource_index/package_run_dependencies/prehladavaci_algoritmus
-- Up-to-date symlink: /home/ubuntu/LRS-FEI/install/prehladavaci_algoritmus/share/ament_index/resource_index/parent_prefix_path/prehladavaci_algoritmus
-- Up-to-date symlink: /home/ubuntu/LRS-FEI/install/prehladavaci_algoritmus/share/prehladavaci_algoritmus/environment/ament_prefix_path.sh
-- Up-to-date symlink: /home/ubuntu/LRS-FEI/install/prehladavaci_algoritmus/share/prehladavaci_algoritmus/environment/ament_prefix_path.dsv
-- Up-to-date symlink: /home/ubuntu/LRS-FEI/install/prehladavaci_algoritmus/share/prehladavaci_algoritmus/environment/path.sh
-- Up-to-date symlink: /home/ubuntu/LRS-FEI/install/prehladavaci_algoritmus/share/prehladavaci_algoritmus/environment/path.dsv
-- Up-to-date symlink: /home/ubuntu/LRS-FEI/install/prehladavaci_algoritmus/share/prehladavaci_algoritmus/local_setup.bash
-- Up-to-date symlink: /home/ubuntu/LRS-FEI/install/prehladavaci_algoritmus/share/prehladavaci_algoritmus/local_setup.sh
-- Up-to-date symlink: /home/ubuntu/LRS-FEI/install/prehladavaci_algoritmus/share/prehladavaci_algoritmus/local_setup.zsh
-- Up-to-date symlink: /home/ubuntu/LRS-FEI/install/prehladavaci_algoritmus/share/prehladavaci_algoritmus/local_setup.dsv
-- Symlinking: /home/ubuntu/LRS-FEI/install/prehladavaci_algoritmus/share/prehladavaci_algoritmus/package.dsv
-- Up-to-date symlink: /home/ubuntu/LRS-FEI/install/prehladavaci_algoritmus/share/ament_index/resource_index/packages/prehladavaci_algoritmus
-- Up-to-date symlink: /home/ubuntu/LRS-FEI/install/prehladavaci_algoritmus/share/prehladavaci_algoritmus/cmake/prehladavaci_algoritmusConfig.cmake
-- Up-to-date symlink: /home/ubuntu/LRS-FEI/install/prehladavaci_algoritmus/share/prehladavaci_algoritmus/cmake/prehladavaci_algoritmusConfig-version.cmake
-- Up-to-date symlink: /home/ubuntu/LRS-FEI/install/prehladavaci_algoritmus/share/prehladavaci_algoritmus/package.xml
